2023-08-06 21:02:46,271 INFO:main.py:240:print_splash_screen:PDB2PQR v3.6.1: biomolecular structure conversion software.
2023-08-06 21:02:46,271 INFO:main.py:242:print_splash_screen:Please cite:  Jurrus E, et al.  Improvements to the APBS biomolecular solvation software suite.  Protein Sci 27 112-128 (2018).
2023-08-06 21:02:46,271 INFO:main.py:242:print_splash_screen:Please cite:  Dolinsky TJ, et al.  PDB2PQR: expanding and upgrading automated preparation of biomolecular structures for molecular simulations. Nucleic Acids Res 35 W522-W525 (2007).
2023-08-06 21:02:46,271 INFO:main.py:759:main_driver:Checking and transforming input arguments.
2023-08-06 21:02:46,271 INFO:main.py:763:main_driver:Loading topology files.
2023-08-06 21:02:46,304 INFO:main.py:765:main_driver:Loading molecule: 2k6d_A.pdb
2023-08-06 21:02:46,307 INFO:main.py:768:main_driver:Dropping water from structure.
2023-08-06 21:02:46,308 INFO:main.py:770:main_driver:Setting up molecule.
2023-08-06 21:02:46,320 INFO:main.py:408:setup_molecule:Created biomolecule object with 62 residues and 997 atoms.
2023-08-06 21:02:46,320 INFO:main.py:774:main_driver:Setting termini states for biomolecule chains.
2023-08-06 21:02:46,323 INFO:main.py:604:non_trivial:Loading forcefield.
2023-08-06 21:02:46,327 INFO:main.py:608:non_trivial:Loading hydrogen topology definitions.
2023-08-06 21:02:46,328 INFO:main.py:459:is_repairable:This biomolecule is clean.  No repair needed.
2023-08-06 21:02:46,328 INFO:main.py:623:non_trivial:Updating disulfide bridges.
2023-08-06 21:02:46,328 INFO:main.py:626:non_trivial:Debumping biomolecule.
2023-08-06 21:02:46,341 INFO:main.py:633:non_trivial:Assigning titration states with PROPKA.
2023-08-06 21:02:46,344 INFO:output.py:61:print_header:
propka3.5.0                                                                                  2023-08-06

-------------------------------------------------------------------------------
--                                                                           --
--  PROPKA: A PROTEIN PKA PREDICTOR                                          --
--                                                                           --
--  VERSION 1.0,  04/25/2004,  IOWA CITY                                     --
--  BY HUI LI                                                                --
--                                                                           --
--  VERSION 2.0,  11/05/2007, IOWA CITY/COPENHAGEN                           --
--  BY DELPHINE C. BAS AND DAVID M. ROGERS                                   --
--                                                                           --
--  VERSION 3.0,  01/06/2011, COPENHAGEN                                     --
--  BY MATS H.M. OLSSON AND CHRESTEN R. SONDERGARD                           --
--                                                                           --
--  VERSION 3.1,  07/01/2011, COPENHAGEN                                     --
--  BY CHRESTEN R. SONDERGARD AND MATS H.M. OLSSON                           --
--                                                                           --
--  VERSION 3.2,  06/17/2020, PLANET EARTH                                   --
--  SEE ABOVE FOR AUTHORS                                                    --
--                                                                           --
-------------------------------------------------------------------------------


-------------------------------------------------------------------------------
References:

Very Fast Empirical Prediction and Rationalization of Protein pKa Values.
Hui Li, Andrew D. Robertson and Jan H. Jensen. PROTEINS: Structure, Function,
and Bioinformatics. 61:704-721 (2005)

Very Fast Prediction and Rationalization of pKa Values for Protein-Ligand
Complexes.  Delphine C. Bas, David M. Rogers and Jan H. Jensen.  PROTEINS:
Structure, Function, and Bioinformatics 73:765-783 (2008)

PROPKA3: Consistent Treatment of Internal and Surface Residues in Empirical
pKa predictions.  Mats H.M. Olsson, Chresten R. Sondergard, Michal Rostkowski,
and Jan H. Jensen.  Journal of Chemical Theory and Computation, 7(2):525-537
(2011)

Improved Treatment of Ligands and Coupling Effects in Empirical Calculation
and Rationalization of pKa Values.  Chresten R. Sondergaard, Mats H.M. Olsson,
Michal Rostkowski, and Jan H. Jensen.  Journal of Chemical Theory and
Computation, (2011)
-------------------------------------------------------------------------------



2023-08-06 21:02:46,357 INFO:conformation_container.py:109:find_covalently_coupled_groups:Coupling map:

2023-08-06 21:02:46,357 INFO:conformation_container.py:195:calculate_pka:Calculating pKas for Conformation container 1A with 583 atoms and 154 groups
2023-08-06 21:02:46,372 INFO:output.py:208:print_pka_section:pKa determinants:

---------  -----   ------   ---------------------    --------------    --------------    --------------
                            DESOLVATION  EFFECTS       SIDECHAIN          BACKBONE        COULOMBIC
 RESIDUE    pKa    BURIED     REGULAR      RE        HYDROGEN BOND     HYDROGEN BOND      INTERACTION
---------  -----   ------   ---------   ---------    --------------    --------------    --------------

ASP 270 A   3.71     0 %    0.23  221   0.00    0    0.00 XXX   0 X    0.00 XXX   0 X   -0.09 N+  267 A
ASP 270 A                                            0.00 XXX   0 X    0.00 XXX   0 X   -0.11 LYS 269 A
ASP 270 A                                            0.00 XXX   0 X    0.00 XXX   0 X   -0.16 LYS 299 A
ASP 270 A                                            0.00 XXX   0 X    0.00 XXX   0 X    0.04 C-  328 A

ASP 283 A   3.76     0 %    0.12  134   0.00    0    0.00 XXX   0 X    0.00 XXX   0 X   -0.16 ARG 314 A

ASP 284 A   3.85     0 %    0.16  136   0.00    0    0.00 XXX   0 X   -0.11 ASP 284 A    0.00 XXX   0 X

ASP 292 A   4.06     0 %    0.29  225   0.00    0    0.00 XXX   0 X    0.00 XXX   0 X   -0.03 LYS 273 A

ASP 300 A   3.70     0 %    0.56  212   0.00    0   -0.61 CYS 301 A   -0.72 CYS 301 A    0.33 ASP 303 A
ASP 300 A                                            0.33 ASP 303 A    0.00 XXX   0 X    0.00 XXX   0 X

ASP 303 A   2.67     0 %    0.34  140   0.00    0   -0.33 ASP 300 A   -0.48 ASP 303 A    0.00 XXX   0 X
ASP 303 A                                           -0.67 CYS 301 A    0.00 XXX   0 X    0.00 XXX   0 X

ASP 320 A   5.95    27 %    1.94  358   0.16    0    0.00 XXX   0 X   -0.07 ASP 320 A   -0.02 LYS 299 A
ASP 320 A                                            0.00 XXX   0 X    0.00 XXX   0 X    0.12 ASP 300 A
ASP 320 A                                            0.00 XXX   0 X    0.00 XXX   0 X    0.02 ASP 303 A

GLU 279 A   4.37     0 %    0.11  138   0.00    0    0.00 XXX   0 X    0.00 XXX   0 X   -0.24 LYS 289 A

GLU 285 A   4.94     0 %    0.45  253   0.00    0   -0.06 GLN 281 A    0.00 XXX   0 X    0.05 ASP 284 A

GLU 290 A   4.45     0 %    0.22  164   0.00    0    0.00 XXX   0 X    0.00 XXX   0 X   -0.18 LYS 273 A
GLU 290 A                                            0.00 XXX   0 X    0.00 XXX   0 X   -0.09 LYS 289 A

GLU 308 A   4.52     0 %    0.39  266   0.00    0   -0.02 ARG 315 A    0.00 XXX   0 X   -0.38 ARG 315 A
GLU 308 A                                            0.00 XXX   0 X    0.00 XXX   0 X    0.03 ASP 300 A

GLU 310 A   4.65     0 %    0.24  188   0.00    0    0.00 XXX   0 X    0.00 XXX   0 X   -0.09 ARG 315 A

C-  328 A   3.40     0 %    0.20  129   0.00    0    0.00 XXX   0 X    0.00 XXX   0 X    0.00 XXX   0 X

CYS 272 A  10.26    23 %    1.06  345   0.00    0    0.00 XXX   0 X    0.00 XXX   0 X   -0.03 LYS 299 A
CYS 272 A                                            0.00 XXX   0 X    0.00 XXX   0 X   -0.00 LYS 324 A
CYS 272 A                                            0.00 XXX   0 X    0.00 XXX   0 X    0.15 ASP 270 A
CYS 272 A                                            0.00 XXX   0 X    0.00 XXX   0 X    0.09 ASP 320 A
CYS 272 A                                            0.00 XXX   0 X    0.00 XXX   0 X    0.01 C-  328 A

CYS 301 A  10.65     0 %    0.43  149   0.00    0    0.61 ASP 300 A   -0.25 CYS 301 A    0.38 ASP 300 A
CYS 301 A                                            0.67 ASP 303 A   -0.34 ILE 302 A    0.38 ASP 303 A
CYS 301 A                                            0.00 XXX   0 X   -0.24 ASP 303 A    0.00 XXX   0 X

TYR 271 A   9.43     0 %    0.32  221   0.00    0   -0.85 THR 295 A    0.00 XXX   0 X    0.00 ASP 270 A
TYR 271 A                                            0.00 XXX   0 X    0.00 XXX   0 X    0.00 CYS 272 A
TYR 271 A                                            0.00 XXX   0 X    0.00 XXX   0 X   -0.01 LYS 267 A
TYR 271 A                                            0.00 XXX   0 X    0.00 XXX   0 X   -0.03 LYS 269 A

TYR 278 A  10.29     0 %    0.22  203   0.00    0    0.00 XXX   0 X    0.00 XXX   0 X    0.08 GLU 285 A

LYS 267 A  10.47     0 %   -0.04   83   0.00    0    0.00 XXX   0 X    0.00 XXX   0 X    0.01 TYR 271 A

LYS 269 A  10.38     0 %   -0.21  156   0.00    0    0.00 XXX   0 X    0.00 XXX   0 X    0.11 ASP 270 A
LYS 269 A                                            0.00 XXX   0 X    0.00 XXX   0 X    0.03 TYR 271 A
LYS 269 A                                            0.00 XXX   0 X    0.00 XXX   0 X   -0.04 LYS 299 A

LYS 273 A  10.43     0 %   -0.28  201   0.00    0    0.00 XXX   0 X    0.00 XXX   0 X    0.18 GLU 290 A
LYS 273 A                                            0.00 XXX   0 X    0.00 XXX   0 X    0.03 ASP 292 A

LYS 289 A  10.53     0 %   -0.30  191   0.00    0    0.00 XXX   0 X    0.00 XXX   0 X    0.24 GLU 279 A
LYS 289 A                                            0.00 XXX   0 X    0.00 XXX   0 X    0.09 GLU 290 A

LYS 299 A  10.53     0 %   -0.19  235   0.00    0    0.00 XXX   0 X    0.00 XXX   0 X    0.16 ASP 270 A
LYS 299 A                                            0.00 XXX   0 X    0.00 XXX   0 X    0.03 CYS 272 A
LYS 299 A                                            0.00 XXX   0 X    0.00 XXX   0 X    0.02 ASP 320 A

LYS 324 A  10.25     0 %   -0.25  201   0.00    0    0.00 XXX   0 X    0.00 XXX   0 X    0.00 CYS 272 A

ARG 314 A  12.47     0 %   -0.19  191   0.00    0    0.00 XXX   0 X    0.00 XXX   0 X    0.16 ASP 283 A

ARG 315 A  12.72     0 %   -0.27  220   0.00    0    0.02 GLU 308 A    0.00 XXX   0 X    0.38 GLU 308 A
ARG 315 A                                            0.00 XXX   0 X    0.00 XXX   0 X    0.09 GLU 310 A

N+  267 A   7.97     0 %   -0.12  106   0.00    0    0.00 XXX   0 X    0.00 XXX   0 X    0.09 ASP 270 A


2023-08-06 21:02:46,372 INFO:output.py:210:print_pka_section:pKa summary:
--------------------------------------------------------------------------------------------------------
SUMMARY OF THIS PREDICTION
       Group      pKa  model-pKa   ligand atom-type
   ASP 270 A     3.71       3.80                      
   ASP 283 A     3.76       3.80                      
   ASP 284 A     3.85       3.80                      
   ASP 292 A     4.06       3.80                      
   ASP 300 A     3.70       3.80                      
   ASP 303 A     2.67       3.80                      
   ASP 320 A     5.95       3.80                      
   GLU 279 A     4.37       4.50                      
   GLU 285 A     4.94       4.50                      
   GLU 290 A     4.45       4.50                      
   GLU 308 A     4.52       4.50                      
   GLU 310 A     4.65       4.50                      
   C-  328 A     3.40       3.20                      
   CYS 272 A    10.26       9.00                      
   CYS 301 A    10.65       9.00                      
   TYR 271 A     9.43      10.00                      
   TYR 278 A    10.29      10.00                      
   LYS 267 A    10.47      10.50                      
   LYS 269 A    10.38      10.50                      
   LYS 273 A    10.43      10.50                      
   LYS 289 A    10.53      10.50                      
   LYS 299 A    10.53      10.50                      
   LYS 324 A    10.25      10.50                      
   ARG 314 A    12.47      12.50                      
   ARG 315 A    12.72      12.50                      
   N+  267 A     7.97       8.00                      

2023-08-06 21:02:46,377 INFO:main.py:636:non_trivial:PROPKA information:
--------------------------------------------------------------------------------------------------------
Free energy of   folding (kcal/mol) as a function of pH (using neutral reference)
  0.00      2.56
  1.00      2.55
  2.00      2.48
  3.00      2.15
  4.00      2.17
  5.00      3.37
  6.00      4.49
  7.00      4.84
  8.00      4.95
  9.00      5.50
 10.00      6.81
 11.00      7.69
 12.00      7.91
 13.00      8.06
 14.00      8.13

The pH of optimum stability is  3.5 for which the free energy is    2.0 kcal/mol at 298K
Could not determine pH values where the free energy is within 80 % of minimum
Could not determine the pH-range where the free energy is negative


Protein charge of folded and unfolded state as a function of pH
    pH  unfolded  folded
  0.00      9.00    9.00
  0.10      9.00    9.00
  0.20      9.00    8.99
  0.30      9.00    8.99
  0.40      9.00    8.99
  0.50      8.99    8.99
  0.60      8.99    8.99
  0.70      8.99    8.98
  0.80      8.99    8.98
  0.90      8.98    8.97
  1.00      8.98    8.97
  1.10      8.98    8.96
  1.20      8.97    8.95
  1.30      8.96    8.93
  1.40      8.95    8.92
  1.50      8.94    8.89
  1.60      8.93    8.87
  1.70      8.91    8.84
  1.80      8.88    8.80
  1.90      8.85    8.75
  2.00      8.82    8.69
  2.10      8.77    8.62
  2.20      8.71    8.54
  2.30      8.64    8.44
  2.40      8.56    8.33
  2.50      8.45    8.20
  2.60      8.32    8.05
  2.70      8.17    7.87
  2.80      7.98    7.68
  2.90      7.76    7.46
  3.00      7.50    7.21
  3.10      7.20    6.93
  3.20      6.86    6.63
  3.30      6.46    6.29
  3.40      6.03    5.91
  3.50      5.54    5.51
  3.60      5.02    5.08
  3.70      4.46    4.62
  3.80      3.87    4.14
  3.90      3.26    3.64
  4.00      2.64    3.14
  4.10      2.02    2.63
  4.20      1.41    2.12
  4.30      0.82    1.62
  4.40      0.25    1.13
  4.50     -0.29    0.65
  4.60     -0.79    0.20
  4.70     -1.25   -0.22
  4.80     -1.67   -0.62
  4.90     -2.04   -0.99
  5.00     -2.37   -1.33
  5.10     -2.65   -1.63
  5.20     -2.89   -1.91
  5.30     -3.10   -2.15
  5.40     -3.27   -2.37
  5.50     -3.41   -2.57
  5.60     -3.52   -2.75
  5.70     -3.62   -2.91
  5.80     -3.70   -3.05
  5.90     -3.76   -3.18
  6.00     -3.81   -3.30
  6.10     -3.86   -3.41
  6.20     -3.89   -3.51
  6.30     -3.92   -3.59
  6.40     -3.95   -3.67
  6.50     -3.97   -3.74
  6.60     -4.00   -3.80
  6.70     -4.02   -3.85
  6.80     -4.04   -3.91
  6.90     -4.07   -3.95
  7.00     -4.09   -4.00
  7.10     -4.13   -4.04
  7.20     -4.16   -4.09
  7.30     -4.20   -4.14
  7.40     -4.25   -4.19
  7.50     -4.31   -4.24
  7.60     -4.37   -4.30
  7.70     -4.44   -4.36
  7.80     -4.53   -4.43
  7.90     -4.62   -4.50
  8.00     -4.72   -4.58
  8.10     -4.83   -4.65
  8.20     -4.95   -4.73
  8.30     -5.07   -4.81
  8.40     -5.21   -4.90
  8.50     -5.36   -4.98
  8.60     -5.52   -5.08
  8.70     -5.69   -5.17
  8.80     -5.87   -5.28
  8.90     -6.07   -5.40
  9.00     -6.28   -5.53
  9.10     -6.50   -5.67
  9.20     -6.73   -5.84
  9.30     -6.97   -6.04
  9.40     -7.24   -6.25
  9.50     -7.52   -6.50
  9.60     -7.82   -6.79
  9.70     -8.14   -7.10
  9.80     -8.49   -7.46
  9.90     -8.86   -7.85
 10.00     -9.26   -8.29
 10.10     -9.68   -8.75
 10.20    -10.11   -9.25
 10.30    -10.57   -9.77
 10.40    -11.02  -10.30
 10.50    -11.47  -10.83
 10.60    -11.92  -11.34
 10.70    -12.34  -11.83
 10.80    -12.73  -12.30
 10.90    -13.09  -12.72
 11.00    -13.42  -13.10
 11.10    -13.71  -13.44
 11.20    -13.97  -13.74
 11.30    -14.19  -14.00
 11.40    -14.39  -14.23
 11.50    -14.57  -14.43
 11.60    -14.73  -14.60
 11.70    -14.87  -14.76
 11.80    -15.01  -14.90
 11.90    -15.14  -15.04
 12.00    -15.27  -15.17
 12.10    -15.41  -15.30
 12.20    -15.54  -15.43
 12.30    -15.67  -15.56
 12.40    -15.80  -15.69
 12.50    -15.93  -15.82
 12.60    -16.06  -15.94
 12.70    -16.18  -16.07
 12.80    -16.30  -16.19
 12.90    -16.40  -16.30
 13.00    -16.50  -16.40
 13.10    -16.58  -16.50
 13.20    -16.65  -16.58
 13.30    -16.72  -16.65
 13.40    -16.77  -16.71
 13.50    -16.81  -16.77
 13.60    -16.85  -16.81
 13.70    -16.88  -16.85
 13.80    -16.90  -16.88
 13.90    -16.92  -16.90
 14.00    -16.94  -16.92
The pI is  4.65 (folded) and  4.45 (unfolded)

--------------------------------------------------------------------------------------------------------
2023-08-06 21:02:46,378 INFO:biomolecule.py:794:apply_pka_values:Applying pKa values at a pH of 7.00:
2023-08-06 21:02:46,378 INFO:main.py:649:non_trivial:Adding hydrogens to biomolecule.
2023-08-06 21:02:46,419 INFO:main.py:652:non_trivial:Debumping biomolecule (again).
2023-08-06 21:02:46,464 INFO:main.py:654:non_trivial:Optimizing hydrogen bonds
2023-08-06 21:02:46,529 INFO:main.py:666:non_trivial:Applying force field to biomolecule states.
2023-08-06 21:02:46,530 INFO:main.py:707:non_trivial:Applying custom naming scheme (amber).
2023-08-06 21:02:46,531 INFO:main.py:713:non_trivial:Regenerating headers.
2023-08-06 21:02:46,531 INFO:main.py:738:non_trivial:Regenerating PDB lines.
2023-08-06 21:02:46,534 WARNING:main.py:311:print_pqr:Ignoring 540 header lines in output.
2023-08-08 19:29:12,860 INFO:main.py:240:print_splash_screen:PDB2PQR v3.6.1: biomolecular structure conversion software.
2023-08-08 19:29:12,860 INFO:main.py:242:print_splash_screen:Please cite:  Jurrus E, et al.  Improvements to the APBS biomolecular solvation software suite.  Protein Sci 27 112-128 (2018).
2023-08-08 19:29:12,861 INFO:main.py:242:print_splash_screen:Please cite:  Dolinsky TJ, et al.  PDB2PQR: expanding and upgrading automated preparation of biomolecular structures for molecular simulations. Nucleic Acids Res 35 W522-W525 (2007).
2023-08-08 19:29:12,861 INFO:main.py:759:main_driver:Checking and transforming input arguments.
2023-08-08 19:29:12,861 INFO:main.py:763:main_driver:Loading topology files.
2023-08-08 19:29:12,922 INFO:main.py:765:main_driver:Loading molecule: 2k6d_A.pdb
2023-08-08 19:29:12,926 INFO:main.py:768:main_driver:Dropping water from structure.
2023-08-08 19:29:12,927 INFO:main.py:770:main_driver:Setting up molecule.
2023-08-08 19:29:12,932 INFO:main.py:408:setup_molecule:Created biomolecule object with 62 residues and 997 atoms.
2023-08-08 19:29:12,932 INFO:main.py:774:main_driver:Setting termini states for biomolecule chains.
2023-08-08 19:29:12,935 INFO:main.py:604:non_trivial:Loading forcefield.
2023-08-08 19:29:12,941 INFO:main.py:608:non_trivial:Loading hydrogen topology definitions.
2023-08-08 19:29:12,942 INFO:main.py:459:is_repairable:This biomolecule is clean.  No repair needed.
2023-08-08 19:29:12,942 INFO:main.py:623:non_trivial:Updating disulfide bridges.
2023-08-08 19:29:12,942 INFO:main.py:626:non_trivial:Debumping biomolecule.
2023-08-08 19:29:12,964 INFO:main.py:633:non_trivial:Assigning titration states with PROPKA.
2023-08-08 19:29:12,969 INFO:output.py:61:print_header:
propka3.5.0                                                                                  2023-08-08

-------------------------------------------------------------------------------
--                                                                           --
--  PROPKA: A PROTEIN PKA PREDICTOR                                          --
--                                                                           --
--  VERSION 1.0,  04/25/2004,  IOWA CITY                                     --
--  BY HUI LI                                                                --
--                                                                           --
--  VERSION 2.0,  11/05/2007, IOWA CITY/COPENHAGEN                           --
--  BY DELPHINE C. BAS AND DAVID M. ROGERS                                   --
--                                                                           --
--  VERSION 3.0,  01/06/2011, COPENHAGEN                                     --
--  BY MATS H.M. OLSSON AND CHRESTEN R. SONDERGARD                           --
--                                                                           --
--  VERSION 3.1,  07/01/2011, COPENHAGEN                                     --
--  BY CHRESTEN R. SONDERGARD AND MATS H.M. OLSSON                           --
--                                                                           --
--  VERSION 3.2,  06/17/2020, PLANET EARTH                                   --
--  SEE ABOVE FOR AUTHORS                                                    --
--                                                                           --
-------------------------------------------------------------------------------


-------------------------------------------------------------------------------
References:

Very Fast Empirical Prediction and Rationalization of Protein pKa Values.
Hui Li, Andrew D. Robertson and Jan H. Jensen. PROTEINS: Structure, Function,
and Bioinformatics. 61:704-721 (2005)

Very Fast Prediction and Rationalization of pKa Values for Protein-Ligand
Complexes.  Delphine C. Bas, David M. Rogers and Jan H. Jensen.  PROTEINS:
Structure, Function, and Bioinformatics 73:765-783 (2008)

PROPKA3: Consistent Treatment of Internal and Surface Residues in Empirical
pKa predictions.  Mats H.M. Olsson, Chresten R. Sondergard, Michal Rostkowski,
and Jan H. Jensen.  Journal of Chemical Theory and Computation, 7(2):525-537
(2011)

Improved Treatment of Ligands and Coupling Effects in Empirical Calculation
and Rationalization of pKa Values.  Chresten R. Sondergaard, Mats H.M. Olsson,
Michal Rostkowski, and Jan H. Jensen.  Journal of Chemical Theory and
Computation, (2011)
-------------------------------------------------------------------------------



2023-08-08 19:29:12,989 INFO:conformation_container.py:109:find_covalently_coupled_groups:Coupling map:

2023-08-08 19:29:12,989 INFO:conformation_container.py:195:calculate_pka:Calculating pKas for Conformation container 1A with 583 atoms and 154 groups
2023-08-08 19:29:13,010 INFO:output.py:208:print_pka_section:pKa determinants:

---------  -----   ------   ---------------------    --------------    --------------    --------------
                            DESOLVATION  EFFECTS       SIDECHAIN          BACKBONE        COULOMBIC
 RESIDUE    pKa    BURIED     REGULAR      RE        HYDROGEN BOND     HYDROGEN BOND      INTERACTION
---------  -----   ------   ---------   ---------    --------------    --------------    --------------

ASP 270 A   3.71     0 %    0.23  221   0.00    0    0.00 XXX   0 X    0.00 XXX   0 X   -0.09 N+  267 A
ASP 270 A                                            0.00 XXX   0 X    0.00 XXX   0 X   -0.11 LYS 269 A
ASP 270 A                                            0.00 XXX   0 X    0.00 XXX   0 X   -0.16 LYS 299 A
ASP 270 A                                            0.00 XXX   0 X    0.00 XXX   0 X    0.04 C-  328 A

ASP 283 A   3.76     0 %    0.12  134   0.00    0    0.00 XXX   0 X    0.00 XXX   0 X   -0.16 ARG 314 A

ASP 284 A   3.85     0 %    0.16  136   0.00    0    0.00 XXX   0 X   -0.11 ASP 284 A    0.00 XXX   0 X

ASP 292 A   4.06     0 %    0.29  225   0.00    0    0.00 XXX   0 X    0.00 XXX   0 X   -0.03 LYS 273 A

ASP 300 A   3.70     0 %    0.56  212   0.00    0   -0.61 CYS 301 A   -0.72 CYS 301 A    0.33 ASP 303 A
ASP 300 A                                            0.33 ASP 303 A    0.00 XXX   0 X    0.00 XXX   0 X

ASP 303 A   2.67     0 %    0.34  140   0.00    0   -0.33 ASP 300 A   -0.48 ASP 303 A    0.00 XXX   0 X
ASP 303 A                                           -0.67 CYS 301 A    0.00 XXX   0 X    0.00 XXX   0 X

ASP 320 A   5.95    27 %    1.94  358   0.16    0    0.00 XXX   0 X   -0.07 ASP 320 A   -0.02 LYS 299 A
ASP 320 A                                            0.00 XXX   0 X    0.00 XXX   0 X    0.12 ASP 300 A
ASP 320 A                                            0.00 XXX   0 X    0.00 XXX   0 X    0.02 ASP 303 A

GLU 279 A   4.37     0 %    0.11  138   0.00    0    0.00 XXX   0 X    0.00 XXX   0 X   -0.24 LYS 289 A

GLU 285 A   4.94     0 %    0.45  253   0.00    0   -0.06 GLN 281 A    0.00 XXX   0 X    0.05 ASP 284 A

GLU 290 A   4.45     0 %    0.22  164   0.00    0    0.00 XXX   0 X    0.00 XXX   0 X   -0.18 LYS 273 A
GLU 290 A                                            0.00 XXX   0 X    0.00 XXX   0 X   -0.09 LYS 289 A

GLU 308 A   4.52     0 %    0.39  266   0.00    0   -0.02 ARG 315 A    0.00 XXX   0 X   -0.38 ARG 315 A
GLU 308 A                                            0.00 XXX   0 X    0.00 XXX   0 X    0.03 ASP 300 A

GLU 310 A   4.65     0 %    0.24  188   0.00    0    0.00 XXX   0 X    0.00 XXX   0 X   -0.09 ARG 315 A

C-  328 A   3.40     0 %    0.20  129   0.00    0    0.00 XXX   0 X    0.00 XXX   0 X    0.00 XXX   0 X

CYS 272 A  10.26    23 %    1.06  345   0.00    0    0.00 XXX   0 X    0.00 XXX   0 X   -0.03 LYS 299 A
CYS 272 A                                            0.00 XXX   0 X    0.00 XXX   0 X   -0.00 LYS 324 A
CYS 272 A                                            0.00 XXX   0 X    0.00 XXX   0 X    0.15 ASP 270 A
CYS 272 A                                            0.00 XXX   0 X    0.00 XXX   0 X    0.09 ASP 320 A
CYS 272 A                                            0.00 XXX   0 X    0.00 XXX   0 X    0.01 C-  328 A

CYS 301 A  10.65     0 %    0.43  149   0.00    0    0.61 ASP 300 A   -0.25 CYS 301 A    0.38 ASP 300 A
CYS 301 A                                            0.67 ASP 303 A   -0.34 ILE 302 A    0.38 ASP 303 A
CYS 301 A                                            0.00 XXX   0 X   -0.24 ASP 303 A    0.00 XXX   0 X

TYR 271 A   9.43     0 %    0.32  221   0.00    0   -0.85 THR 295 A    0.00 XXX   0 X    0.00 ASP 270 A
TYR 271 A                                            0.00 XXX   0 X    0.00 XXX   0 X    0.00 CYS 272 A
TYR 271 A                                            0.00 XXX   0 X    0.00 XXX   0 X   -0.01 LYS 267 A
TYR 271 A                                            0.00 XXX   0 X    0.00 XXX   0 X   -0.03 LYS 269 A

TYR 278 A  10.29     0 %    0.22  203   0.00    0    0.00 XXX   0 X    0.00 XXX   0 X    0.08 GLU 285 A

LYS 267 A  10.47     0 %   -0.04   83   0.00    0    0.00 XXX   0 X    0.00 XXX   0 X    0.01 TYR 271 A

LYS 269 A  10.38     0 %   -0.21  156   0.00    0    0.00 XXX   0 X    0.00 XXX   0 X    0.11 ASP 270 A
LYS 269 A                                            0.00 XXX   0 X    0.00 XXX   0 X    0.03 TYR 271 A
LYS 269 A                                            0.00 XXX   0 X    0.00 XXX   0 X   -0.04 LYS 299 A

LYS 273 A  10.43     0 %   -0.28  201   0.00    0    0.00 XXX   0 X    0.00 XXX   0 X    0.18 GLU 290 A
LYS 273 A                                            0.00 XXX   0 X    0.00 XXX   0 X    0.03 ASP 292 A

LYS 289 A  10.53     0 %   -0.30  191   0.00    0    0.00 XXX   0 X    0.00 XXX   0 X    0.24 GLU 279 A
LYS 289 A                                            0.00 XXX   0 X    0.00 XXX   0 X    0.09 GLU 290 A

LYS 299 A  10.53     0 %   -0.19  235   0.00    0    0.00 XXX   0 X    0.00 XXX   0 X    0.16 ASP 270 A
LYS 299 A                                            0.00 XXX   0 X    0.00 XXX   0 X    0.03 CYS 272 A
LYS 299 A                                            0.00 XXX   0 X    0.00 XXX   0 X    0.02 ASP 320 A

LYS 324 A  10.25     0 %   -0.25  201   0.00    0    0.00 XXX   0 X    0.00 XXX   0 X    0.00 CYS 272 A

ARG 314 A  12.47     0 %   -0.19  191   0.00    0    0.00 XXX   0 X    0.00 XXX   0 X    0.16 ASP 283 A

ARG 315 A  12.72     0 %   -0.27  220   0.00    0    0.02 GLU 308 A    0.00 XXX   0 X    0.38 GLU 308 A
ARG 315 A                                            0.00 XXX   0 X    0.00 XXX   0 X    0.09 GLU 310 A

N+  267 A   7.97     0 %   -0.12  106   0.00    0    0.00 XXX   0 X    0.00 XXX   0 X    0.09 ASP 270 A


2023-08-08 19:29:13,011 INFO:output.py:210:print_pka_section:pKa summary:
--------------------------------------------------------------------------------------------------------
SUMMARY OF THIS PREDICTION
       Group      pKa  model-pKa   ligand atom-type
   ASP 270 A     3.71       3.80                      
   ASP 283 A     3.76       3.80                      
   ASP 284 A     3.85       3.80                      
   ASP 292 A     4.06       3.80                      
   ASP 300 A     3.70       3.80                      
   ASP 303 A     2.67       3.80                      
   ASP 320 A     5.95       3.80                      
   GLU 279 A     4.37       4.50                      
   GLU 285 A     4.94       4.50                      
   GLU 290 A     4.45       4.50                      
   GLU 308 A     4.52       4.50                      
   GLU 310 A     4.65       4.50                      
   C-  328 A     3.40       3.20                      
   CYS 272 A    10.26       9.00                      
   CYS 301 A    10.65       9.00                      
   TYR 271 A     9.43      10.00                      
   TYR 278 A    10.29      10.00                      
   LYS 267 A    10.47      10.50                      
   LYS 269 A    10.38      10.50                      
   LYS 273 A    10.43      10.50                      
   LYS 289 A    10.53      10.50                      
   LYS 299 A    10.53      10.50                      
   LYS 324 A    10.25      10.50                      
   ARG 314 A    12.47      12.50                      
   ARG 315 A    12.72      12.50                      
   N+  267 A     7.97       8.00                      

2023-08-08 19:29:13,018 INFO:main.py:636:non_trivial:PROPKA information:
--------------------------------------------------------------------------------------------------------
Free energy of   folding (kcal/mol) as a function of pH (using neutral reference)
  0.00      2.56
  1.00      2.55
  2.00      2.48
  3.00      2.15
  4.00      2.17
  5.00      3.37
  6.00      4.49
  7.00      4.84
  8.00      4.95
  9.00      5.50
 10.00      6.81
 11.00      7.69
 12.00      7.91
 13.00      8.06
 14.00      8.13

The pH of optimum stability is  3.5 for which the free energy is    2.0 kcal/mol at 298K
Could not determine pH values where the free energy is within 80 % of minimum
Could not determine the pH-range where the free energy is negative


Protein charge of folded and unfolded state as a function of pH
    pH  unfolded  folded
  0.00      9.00    9.00
  0.10      9.00    9.00
  0.20      9.00    8.99
  0.30      9.00    8.99
  0.40      9.00    8.99
  0.50      8.99    8.99
  0.60      8.99    8.99
  0.70      8.99    8.98
  0.80      8.99    8.98
  0.90      8.98    8.97
  1.00      8.98    8.97
  1.10      8.98    8.96
  1.20      8.97    8.95
  1.30      8.96    8.93
  1.40      8.95    8.92
  1.50      8.94    8.89
  1.60      8.93    8.87
  1.70      8.91    8.84
  1.80      8.88    8.80
  1.90      8.85    8.75
  2.00      8.82    8.69
  2.10      8.77    8.62
  2.20      8.71    8.54
  2.30      8.64    8.44
  2.40      8.56    8.33
  2.50      8.45    8.20
  2.60      8.32    8.05
  2.70      8.17    7.87
  2.80      7.98    7.68
  2.90      7.76    7.46
  3.00      7.50    7.21
  3.10      7.20    6.93
  3.20      6.86    6.63
  3.30      6.46    6.29
  3.40      6.03    5.91
  3.50      5.54    5.51
  3.60      5.02    5.08
  3.70      4.46    4.62
  3.80      3.87    4.14
  3.90      3.26    3.64
  4.00      2.64    3.14
  4.10      2.02    2.63
  4.20      1.41    2.12
  4.30      0.82    1.62
  4.40      0.25    1.13
  4.50     -0.29    0.65
  4.60     -0.79    0.20
  4.70     -1.25   -0.22
  4.80     -1.67   -0.62
  4.90     -2.04   -0.99
  5.00     -2.37   -1.33
  5.10     -2.65   -1.63
  5.20     -2.89   -1.91
  5.30     -3.10   -2.15
  5.40     -3.27   -2.37
  5.50     -3.41   -2.57
  5.60     -3.52   -2.75
  5.70     -3.62   -2.91
  5.80     -3.70   -3.05
  5.90     -3.76   -3.18
  6.00     -3.81   -3.30
  6.10     -3.86   -3.41
  6.20     -3.89   -3.51
  6.30     -3.92   -3.59
  6.40     -3.95   -3.67
  6.50     -3.97   -3.74
  6.60     -4.00   -3.80
  6.70     -4.02   -3.85
  6.80     -4.04   -3.91
  6.90     -4.07   -3.95
  7.00     -4.09   -4.00
  7.10     -4.13   -4.04
  7.20     -4.16   -4.09
  7.30     -4.20   -4.14
  7.40     -4.25   -4.19
  7.50     -4.31   -4.24
  7.60     -4.37   -4.30
  7.70     -4.44   -4.36
  7.80     -4.53   -4.43
  7.90     -4.62   -4.50
  8.00     -4.72   -4.58
  8.10     -4.83   -4.65
  8.20     -4.95   -4.73
  8.30     -5.07   -4.81
  8.40     -5.21   -4.90
  8.50     -5.36   -4.98
  8.60     -5.52   -5.08
  8.70     -5.69   -5.17
  8.80     -5.87   -5.28
  8.90     -6.07   -5.40
  9.00     -6.28   -5.53
  9.10     -6.50   -5.67
  9.20     -6.73   -5.84
  9.30     -6.97   -6.04
  9.40     -7.24   -6.25
  9.50     -7.52   -6.50
  9.60     -7.82   -6.79
  9.70     -8.14   -7.10
  9.80     -8.49   -7.46
  9.90     -8.86   -7.85
 10.00     -9.26   -8.29
 10.10     -9.68   -8.75
 10.20    -10.11   -9.25
 10.30    -10.57   -9.77
 10.40    -11.02  -10.30
 10.50    -11.47  -10.83
 10.60    -11.92  -11.34
 10.70    -12.34  -11.83
 10.80    -12.73  -12.30
 10.90    -13.09  -12.72
 11.00    -13.42  -13.10
 11.10    -13.71  -13.44
 11.20    -13.97  -13.74
 11.30    -14.19  -14.00
 11.40    -14.39  -14.23
 11.50    -14.57  -14.43
 11.60    -14.73  -14.60
 11.70    -14.87  -14.76
 11.80    -15.01  -14.90
 11.90    -15.14  -15.04
 12.00    -15.27  -15.17
 12.10    -15.41  -15.30
 12.20    -15.54  -15.43
 12.30    -15.67  -15.56
 12.40    -15.80  -15.69
 12.50    -15.93  -15.82
 12.60    -16.06  -15.94
 12.70    -16.18  -16.07
 12.80    -16.30  -16.19
 12.90    -16.40  -16.30
 13.00    -16.50  -16.40
 13.10    -16.58  -16.50
 13.20    -16.65  -16.58
 13.30    -16.72  -16.65
 13.40    -16.77  -16.71
 13.50    -16.81  -16.77
 13.60    -16.85  -16.81
 13.70    -16.88  -16.85
 13.80    -16.90  -16.88
 13.90    -16.92  -16.90
 14.00    -16.94  -16.92
The pI is  4.65 (folded) and  4.45 (unfolded)

--------------------------------------------------------------------------------------------------------
2023-08-08 19:29:13,018 INFO:biomolecule.py:794:apply_pka_values:Applying pKa values at a pH of 6.40:
2023-08-08 19:29:13,018 INFO:main.py:649:non_trivial:Adding hydrogens to biomolecule.
2023-08-08 19:29:13,079 INFO:main.py:652:non_trivial:Debumping biomolecule (again).
2023-08-08 19:29:13,147 INFO:main.py:654:non_trivial:Optimizing hydrogen bonds
2023-08-08 19:29:13,246 INFO:main.py:666:non_trivial:Applying force field to biomolecule states.
2023-08-08 19:29:13,248 INFO:main.py:707:non_trivial:Applying custom naming scheme (amber).
2023-08-08 19:29:13,248 INFO:main.py:713:non_trivial:Regenerating headers.
2023-08-08 19:29:13,248 INFO:main.py:738:non_trivial:Regenerating PDB lines.
2023-08-08 19:29:13,254 WARNING:main.py:311:print_pqr:Ignoring 540 header lines in output.
