2023-08-06 21:08:16,361 INFO:main.py:240:print_splash_screen:PDB2PQR v3.6.1: biomolecular structure conversion software.
2023-08-06 21:08:16,361 INFO:main.py:242:print_splash_screen:Please cite:  Jurrus E, et al.  Improvements to the APBS biomolecular solvation software suite.  Protein Sci 27 112-128 (2018).
2023-08-06 21:08:16,361 INFO:main.py:242:print_splash_screen:Please cite:  Dolinsky TJ, et al.  PDB2PQR: expanding and upgrading automated preparation of biomolecular structures for molecular simulations. Nucleic Acids Res 35 W522-W525 (2007).
2023-08-06 21:08:16,361 INFO:main.py:759:main_driver:Checking and transforming input arguments.
2023-08-06 21:08:16,361 INFO:main.py:763:main_driver:Loading topology files.
2023-08-06 21:08:16,393 INFO:main.py:765:main_driver:Loading molecule: 2k6d.pdb
2023-08-06 21:08:16,447 INFO:main.py:768:main_driver:Dropping water from structure.
2023-08-06 21:08:16,454 INFO:main.py:770:main_driver:Setting up molecule.
2023-08-06 21:08:16,463 INFO:main.py:408:setup_molecule:Created biomolecule object with 138 residues and 2232 atoms.
2023-08-06 21:08:16,463 INFO:main.py:774:main_driver:Setting termini states for biomolecule chains.
2023-08-06 21:08:16,467 INFO:main.py:604:non_trivial:Loading forcefield.
2023-08-06 21:08:16,472 INFO:main.py:608:non_trivial:Loading hydrogen topology definitions.
2023-08-06 21:08:16,473 INFO:main.py:459:is_repairable:This biomolecule is clean.  No repair needed.
2023-08-06 21:08:16,473 INFO:main.py:623:non_trivial:Updating disulfide bridges.
2023-08-06 21:08:16,473 INFO:main.py:626:non_trivial:Debumping biomolecule.
2023-08-06 21:08:16,501 INFO:main.py:633:non_trivial:Assigning titration states with PROPKA.
2023-08-06 21:08:16,506 INFO:output.py:61:print_header:
propka3.5.0                                                                                  2023-08-06

-------------------------------------------------------------------------------
--                                                                           --
--  PROPKA: A PROTEIN PKA PREDICTOR                                          --
--                                                                           --
--  VERSION 1.0,  04/25/2004,  IOWA CITY                                     --
--  BY HUI LI                                                                --
--                                                                           --
--  VERSION 2.0,  11/05/2007, IOWA CITY/COPENHAGEN                           --
--  BY DELPHINE C. BAS AND DAVID M. ROGERS                                   --
--                                                                           --
--  VERSION 3.0,  01/06/2011, COPENHAGEN                                     --
--  BY MATS H.M. OLSSON AND CHRESTEN R. SONDERGARD                           --
--                                                                           --
--  VERSION 3.1,  07/01/2011, COPENHAGEN                                     --
--  BY CHRESTEN R. SONDERGARD AND MATS H.M. OLSSON                           --
--                                                                           --
--  VERSION 3.2,  06/17/2020, PLANET EARTH                                   --
--  SEE ABOVE FOR AUTHORS                                                    --
--                                                                           --
-------------------------------------------------------------------------------


-------------------------------------------------------------------------------
References:

Very Fast Empirical Prediction and Rationalization of Protein pKa Values.
Hui Li, Andrew D. Robertson and Jan H. Jensen. PROTEINS: Structure, Function,
and Bioinformatics. 61:704-721 (2005)

Very Fast Prediction and Rationalization of pKa Values for Protein-Ligand
Complexes.  Delphine C. Bas, David M. Rogers and Jan H. Jensen.  PROTEINS:
Structure, Function, and Bioinformatics 73:765-783 (2008)

PROPKA3: Consistent Treatment of Internal and Surface Residues in Empirical
pKa predictions.  Mats H.M. Olsson, Chresten R. Sondergard, Michal Rostkowski,
and Jan H. Jensen.  Journal of Chemical Theory and Computation, 7(2):525-537
(2011)

Improved Treatment of Ligands and Coupling Effects in Empirical Calculation
and Rationalization of pKa Values.  Chresten R. Sondergaard, Mats H.M. Olsson,
Michal Rostkowski, and Jan H. Jensen.  Journal of Chemical Theory and
Computation, (2011)
-------------------------------------------------------------------------------



2023-08-06 21:08:16,534 INFO:conformation_container.py:109:find_covalently_coupled_groups:Coupling map:

2023-08-06 21:08:16,534 INFO:conformation_container.py:195:calculate_pka:Calculating pKas for Conformation container 1A with 1299 atoms and 346 groups
2023-08-06 21:08:16,600 INFO:output.py:208:print_pka_section:pKa determinants:

---------  -----   ------   ---------------------    --------------    --------------    --------------
                            DESOLVATION  EFFECTS       SIDECHAIN          BACKBONE        COULOMBIC
 RESIDUE    pKa    BURIED     REGULAR      RE        HYDROGEN BOND     HYDROGEN BOND      INTERACTION
---------  -----   ------   ---------   ---------    --------------    --------------    --------------

ASP 270 A   3.71     0 %    0.23  221   0.00    0    0.00 XXX   0 X    0.00 XXX   0 X   -0.09 N+  267 A
ASP 270 A                                            0.00 XXX   0 X    0.00 XXX   0 X   -0.11 LYS 269 A
ASP 270 A                                            0.00 XXX   0 X    0.00 XXX   0 X   -0.16 LYS 299 A
ASP 270 A                                            0.00 XXX   0 X    0.00 XXX   0 X    0.04 C-  328 A

ASP 283 A   3.96     0 %    0.13  153   0.00    0    0.00 XXX   0 X    0.00 XXX   0 X   -0.16 ARG 314 A
ASP 283 A                                            0.00 XXX   0 X    0.00 XXX   0 X   -0.00 ARG  74 B
ASP 283 A                                            0.00 XXX   0 X    0.00 XXX   0 X    0.19 ASP 284 A

ASP 284 A   3.69     0 %    0.21  178   0.00    0    0.00 XXX   0 X   -0.11 ASP 284 A   -0.20 ARG  74 B

ASP 292 A   4.07     0 %    0.29  234   0.00    0    0.00 XXX   0 X    0.00 XXX   0 X   -0.03 LYS 273 A

ASP 300 A   3.83     3 %    0.66  289   0.03    0   -0.61 CYS 301 A   -0.72 CYS 301 A    0.33 ASP 303 A
ASP 300 A                                            0.33 ASP 303 A    0.00 XXX   0 X    0.00 XXX   0 X

ASP 303 A   2.78     0 %    0.45  229   0.00    0   -0.33 ASP 300 A   -0.48 ASP 303 A    0.00 XXX   0 X
ASP 303 A                                           -0.67 CYS 301 A    0.00 XXX   0 X    0.00 XXX   0 X

ASP 320 A   7.50    65 %    3.23  462   0.38    0    0.00 XXX   0 X   -0.07 ASP 320 A   -0.03 LYS 299 A
ASP 320 A                                            0.00 XXX   0 X    0.00 XXX   0 X    0.16 ASP 300 A
ASP 320 A                                            0.00 XXX   0 X    0.00 XXX   0 X    0.02 ASP 303 A

GLU 279 A   4.44     0 %    0.24  252   0.00    0    0.00 XXX   0 X    0.00 XXX   0 X   -0.24 LYS 289 A
GLU 279 A                                            0.00 XXX   0 X    0.00 XXX   0 X   -0.06 ARG  42 B

GLU 285 A   6.51    37 %    1.43  384   0.36    0   -0.06 GLN 281 A    0.00 XXX   0 X   -0.10 ARG  42 B
GLU 285 A                                            0.07 C-   76 B    0.00 XXX   0 X   -0.28 ARG  74 B
GLU 285 A                                            0.00 XXX   0 X    0.00 XXX   0 X    0.05 ASP 284 A
GLU 285 A                                            0.00 XXX   0 X    0.00 XXX   0 X    0.55 C-   76 B

GLU 290 A   4.51     0 %    0.29  268   0.00    0    0.00 XXX   0 X    0.00 XXX   0 X   -0.18 LYS 273 A
GLU 290 A                                            0.00 XXX   0 X    0.00 XXX   0 X   -0.09 LYS 289 A
GLU 290 A                                            0.00 XXX   0 X    0.00 XXX   0 X   -0.01 LYS  48 B

GLU 308 A   4.53     5 %    0.47  296   0.01    0   -0.02 ARG 315 A    0.00 XXX   0 X   -0.38 ARG 315 A
GLU 308 A                                            0.00 XXX   0 X    0.00 XXX   0 X   -0.09 ARG  74 B
GLU 308 A                                            0.00 XXX   0 X    0.00 XXX   0 X    0.03 ASP 300 A

GLU 310 A   4.65     0 %    0.24  190   0.00    0    0.00 XXX   0 X    0.00 XXX   0 X   -0.09 ARG 315 A

C-  328 A   3.40     0 %    0.20  129   0.00    0    0.00 XXX   0 X    0.00 XXX   0 X    0.00 XXX   0 X

CYS 272 A  10.35    26 %    1.12  353   0.00    0    0.00 XXX   0 X    0.00 XXX   0 X   -0.03 LYS 299 A
CYS 272 A                                            0.00 XXX   0 X    0.00 XXX   0 X   -0.00 LYS 324 A
CYS 272 A                                            0.00 XXX   0 X    0.00 XXX   0 X    0.15 ASP 270 A
CYS 272 A                                            0.00 XXX   0 X    0.00 XXX   0 X    0.11 ASP 320 A
CYS 272 A                                            0.00 XXX   0 X    0.00 XXX   0 X    0.01 C-  328 A

CYS 301 A  10.69     0 %    0.47  213   0.00    0    0.61 ASP 300 A   -0.25 CYS 301 A    0.38 ASP 300 A
CYS 301 A                                            0.67 ASP 303 A   -0.34 ILE 302 A    0.38 ASP 303 A
CYS 301 A                                            0.00 XXX   0 X   -0.24 ASP 303 A    0.00 XXX   0 X

TYR 271 A   9.43     0 %    0.32  221   0.00    0   -0.85 THR 295 A    0.00 XXX   0 X    0.00 ASP 270 A
TYR 271 A                                            0.00 XXX   0 X    0.00 XXX   0 X    0.00 CYS 272 A
TYR 271 A                                            0.00 XXX   0 X    0.00 XXX   0 X   -0.01 LYS 267 A
TYR 271 A                                            0.00 XXX   0 X    0.00 XXX   0 X   -0.03 LYS 269 A

TYR 278 A  13.92    79 %    2.85  503   0.00    0    0.00 XXX   0 X    0.00 XXX   0 X    0.15 GLU 285 A
TYR 278 A                                            0.00 XXX   0 X    0.00 XXX   0 X   -0.33 ARG  42 B
TYR 278 A                                            0.00 XXX   0 X    0.00 XXX   0 X    0.65 CYS  76 B
TYR 278 A                                            0.00 XXX   0 X    0.00 XXX   0 X    0.61 C-   76 B

LYS 267 A  10.47     0 %   -0.04   83   0.00    0    0.00 XXX   0 X    0.00 XXX   0 X    0.01 TYR 271 A

LYS 269 A  10.38     0 %   -0.21  156   0.00    0    0.00 XXX   0 X    0.00 XXX   0 X    0.11 ASP 270 A
LYS 269 A                                            0.00 XXX   0 X    0.00 XXX   0 X    0.03 TYR 271 A
LYS 269 A                                            0.00 XXX   0 X    0.00 XXX   0 X   -0.04 LYS 299 A

LYS 273 A  10.41     0 %   -0.30  237   0.00    0    0.00 XXX   0 X    0.00 XXX   0 X    0.18 GLU 290 A
LYS 273 A                                            0.00 XXX   0 X    0.00 XXX   0 X    0.03 ASP 292 A

LYS 289 A  10.25    11 %   -0.57  311   0.00    0    0.00 XXX   0 X    0.00 XXX   0 X    0.24 GLU 279 A
LYS 289 A                                            0.00 XXX   0 X    0.00 XXX   0 X    0.09 GLU 290 A
LYS 289 A                                            0.00 XXX   0 X    0.00 XXX   0 X   -0.01 LYS  48 B

LYS 299 A  10.53     0 %   -0.19  239   0.00    0    0.00 XXX   0 X    0.00 XXX   0 X    0.16 ASP 270 A
LYS 299 A                                            0.00 XXX   0 X    0.00 XXX   0 X    0.03 CYS 272 A
LYS 299 A                                            0.00 XXX   0 X    0.00 XXX   0 X    0.03 ASP 320 A

LYS 324 A   9.66    21 %   -0.56  340   0.00    0    0.00 XXX   0 X    0.00 XXX   0 X    0.00 CYS 272 A
LYS 324 A                                            0.00 XXX   0 X    0.00 XXX   0 X   -0.28 LYS   6 B

ARG 314 A  12.46     0 %   -0.19  206   0.00    0    0.00 XXX   0 X    0.00 XXX   0 X    0.16 ASP 283 A

ARG 315 A  12.71     0 %   -0.28  227   0.00    0    0.02 GLU 308 A    0.00 XXX   0 X    0.38 GLU 308 A
ARG 315 A                                            0.00 XXX   0 X    0.00 XXX   0 X    0.09 GLU 310 A

N+  267 A   7.97     0 %   -0.12  106   0.00    0    0.00 XXX   0 X    0.00 XXX   0 X    0.09 ASP 270 A

ASP  21 B   3.16     0 %    0.48  242   0.00    0    0.00 XXX   0 X   -0.79 GLU  18 B   -0.02 N+    1 B
ASP  21 B                                            0.00 XXX   0 X    0.00 XXX   0 X   -0.31 LYS  29 B

ASP  32 B   3.82     0 %    0.16  159   0.00    0    0.00 XXX   0 X    0.00 XXX   0 X   -0.01 LYS  29 B
ASP  32 B                                            0.00 XXX   0 X    0.00 XXX   0 X   -0.13 LYS  33 B

ASP  39 B   3.87     0 %    0.16  179   0.00    0    0.00 XXX   0 X    0.00 XXX   0 X   -0.11 LYS  27 B
ASP  39 B                                            0.00 XXX   0 X    0.00 XXX   0 X    0.02 ASP  52 B

ASP  52 B   3.76     5 %    0.39  294   0.01    0    0.00 XXX   0 X    0.00 XXX   0 X   -0.43 LYS  27 B

ASP  58 B   2.68     0 %    0.36  190   0.00    0   -0.53 THR  55 B   -0.73 THR  55 B   -0.02 LYS  48 B
ASP  58 B                                            0.00 XXX   0 X    0.00 XXX   0 X   -0.21 ARG  54 B

GLU  16 B   4.53     0 %    0.21  186   0.00    0    0.00 XXX   0 X    0.00 XXX   0 X   -0.20 N+    1 B
GLU  16 B                                            0.00 XXX   0 X    0.00 XXX   0 X   -0.00 LYS  29 B
GLU  16 B                                            0.00 XXX   0 X    0.00 XXX   0 X   -0.01 LYS  33 B
GLU  16 B                                            0.00 XXX   0 X    0.00 XXX   0 X    0.02 ASP  21 B

GLU  18 B   4.82     0 %    0.18  154   0.00    0    0.00 XXX   0 X    0.00 XXX   0 X   -0.14 N+    1 B
GLU  18 B                                            0.00 XXX   0 X    0.00 XXX   0 X   -0.01 LYS  29 B
GLU  18 B                                            0.00 XXX   0 X    0.00 XXX   0 X    0.14 GLU  16 B
GLU  18 B                                            0.00 XXX   0 X    0.00 XXX   0 X    0.15 ASP  21 B

GLU  24 B   4.70     0 %    0.13  192   0.00    0    0.00 XXX   0 X    0.00 XXX   0 X   -0.08 LYS  27 B
GLU  24 B                                            0.00 XXX   0 X    0.00 XXX   0 X    0.04 ASP  39 B
GLU  24 B                                            0.00 XXX   0 X    0.00 XXX   0 X    0.11 ASP  52 B

GLU  34 B   3.65     0 %    0.35  265   0.00    0   -0.80 LYS  11 B    0.00 XXX   0 X   -0.02 LYS  33 B
GLU  34 B                                            0.00 XXX   0 X    0.00 XXX   0 X   -0.38 LYS  11 B

GLU  51 B   4.59     0 %    0.17  196   0.00    0    0.00 XXX   0 X    0.00 XXX   0 X   -0.00 LYS  48 B
GLU  51 B                                            0.00 XXX   0 X    0.00 XXX   0 X   -0.15 ARG  54 B
GLU  51 B                                            0.00 XXX   0 X    0.00 XXX   0 X    0.03 GLU 279 A
GLU  51 B                                            0.00 XXX   0 X    0.00 XXX   0 X    0.03 ASP  52 B

GLU  64 B   4.63     0 %    0.13  143   0.00    0    0.00 XXX   0 X    0.00 XXX   0 X    0.00 XXX   0 X

C-   76 B   4.78    61 %    2.45  453   0.00    0   -0.59 GLN 281 A    0.00 XXX   0 X   -0.12 ARG  42 B
C-   76 B                                           -0.07 GLU 285 A    0.00 XXX   0 X   -0.03 ARG  72 B
C-   76 B                                            0.00 XXX   0 X    0.00 XXX   0 X   -0.07 ARG  74 B

HIS  68 B   4.03    61 %   -1.98  452   0.00    0    0.00 XXX   0 X    0.00 XXX   0 X   -0.27 LYS 324 A
HIS  68 B                                            0.00 XXX   0 X    0.00 XXX   0 X   -0.22 LYS   6 B

CYS  76 B  11.45    60 %    1.77  449   0.00    0    0.00 XXX   0 X   -0.02 ARG  42 B   -0.13 ARG  42 B
CYS  76 B                                            0.00 XXX   0 X    0.00 XXX   0 X   -0.07 ARG  72 B
CYS  76 B                                            0.00 XXX   0 X    0.00 XXX   0 X    0.14 GLU 285 A
CYS  76 B                                            0.00 XXX   0 X    0.00 XXX   0 X    0.76 C-   76 B

TYR  59 B   9.96     1 %    0.65  284   0.00    0    0.00 XXX   0 X   -0.80 GLU  51 B    0.25 GLU  51 B
TYR  59 B                                            0.00 XXX   0 X    0.00 XXX   0 X    0.03 ASP  52 B
TYR  59 B                                            0.00 XXX   0 X    0.00 XXX   0 X   -0.14 ARG  54 B
TYR  59 B                                            0.00 XXX   0 X    0.00 XXX   0 X    0.09 ASP  58 B
TYR  59 B                                            0.00 XXX   0 X    0.00 XXX   0 X   -0.12 LYS  48 B

LYS   6 B  10.18     7 %   -0.32  302   0.00    0    0.00 XXX   0 X    0.00 XXX   0 X    0.00 XXX   0 X

LYS  11 B  11.42     0 %   -0.27  198   0.00    0    0.80 GLU  34 B    0.00 XXX   0 X    0.38 GLU  34 B

LYS  27 B  10.37    24 %   -0.75  348   0.00    0    0.00 XXX   0 X    0.00 XXX   0 X    0.08 GLU  24 B
LYS  27 B                                            0.00 XXX   0 X    0.00 XXX   0 X    0.11 ASP  39 B
LYS  27 B                                            0.00 XXX   0 X    0.00 XXX   0 X   -0.01 ARG  42 B
LYS  27 B                                            0.00 XXX   0 X    0.00 XXX   0 X    0.43 ASP  52 B

LYS  29 B  10.29     0 %   -0.54  261   0.00    0    0.00 XXX   0 X    0.00 XXX   0 X    0.00 GLU  16 B
LYS  29 B                                            0.00 XXX   0 X    0.00 XXX   0 X    0.01 GLU  18 B
LYS  29 B                                            0.00 XXX   0 X    0.00 XXX   0 X    0.31 ASP  21 B
LYS  29 B                                            0.00 XXX   0 X    0.00 XXX   0 X    0.01 ASP  32 B

LYS  33 B  10.09     0 %   -0.48  271   0.00    0    0.00 XXX   0 X    0.00 XXX   0 X    0.01 GLU  16 B
LYS  33 B                                            0.00 XXX   0 X    0.00 XXX   0 X    0.13 ASP  32 B
LYS  33 B                                            0.00 XXX   0 X    0.00 XXX   0 X    0.02 GLU  34 B
LYS  33 B                                            0.00 XXX   0 X    0.00 XXX   0 X   -0.09 LYS  29 B

LYS  48 B  10.40     0 %   -0.22  226   0.00    0    0.00 XXX   0 X    0.00 XXX   0 X    0.01 GLU 290 A
LYS  48 B                                            0.00 XXX   0 X    0.00 XXX   0 X    0.00 GLU  51 B
LYS  48 B                                            0.00 XXX   0 X    0.00 XXX   0 X   -0.03 ARG  54 B
LYS  48 B                                            0.00 XXX   0 X    0.00 XXX   0 X    0.02 ASP  58 B
LYS  48 B                                            0.00 XXX   0 X    0.00 XXX   0 X    0.12 TYR  59 B

LYS  63 B  10.45     0 %   -0.05   89   0.00    0    0.00 XXX   0 X    0.00 XXX   0 X    0.00 XXX   0 X

ARG  42 B  12.63    23 %   -0.60  345   0.00    0    0.00 XXX   0 X    0.00 XXX   0 X    0.33 TYR 278 A
ARG  42 B                                            0.00 XXX   0 X    0.00 XXX   0 X    0.06 GLU 279 A
ARG  42 B                                            0.00 XXX   0 X    0.00 XXX   0 X    0.10 GLU 285 A
ARG  42 B                                            0.00 XXX   0 X    0.00 XXX   0 X    0.13 CYS  76 B
ARG  42 B                                            0.00 XXX   0 X    0.00 XXX   0 X    0.12 C-   76 B

ARG  54 B  12.87     0 %   -0.12  141   0.00    0    0.00 XXX   0 X    0.00 XXX   0 X    0.15 GLU  51 B
ARG  54 B                                            0.00 XXX   0 X    0.00 XXX   0 X    0.21 ASP  58 B
ARG  54 B                                            0.00 XXX   0 X    0.00 XXX   0 X    0.14 TYR  59 B

ARG  72 B  12.41     0 %   -0.19  212   0.00    0    0.00 XXX   0 X    0.00 XXX   0 X    0.07 CYS  76 B
ARG  72 B                                            0.00 XXX   0 X    0.00 XXX   0 X    0.03 C-   76 B

ARG  74 B  12.46    11 %   -0.69  313   0.00    0    0.00 XXX   0 X    0.00 XXX   0 X    0.00 ASP 283 A
ARG  74 B                                            0.00 XXX   0 X    0.00 XXX   0 X    0.20 ASP 284 A
ARG  74 B                                            0.00 XXX   0 X    0.00 XXX   0 X    0.28 GLU 285 A
ARG  74 B                                            0.00 XXX   0 X    0.00 XXX   0 X    0.09 GLU 308 A
ARG  74 B                                            0.00 XXX   0 X    0.00 XXX   0 X    0.07 C-   76 B

N+    1 B   8.04     0 %   -0.30  235   0.00    0    0.00 XXX   0 X    0.00 XXX   0 X    0.20 GLU  16 B
N+    1 B                                            0.00 XXX   0 X    0.00 XXX   0 X    0.14 GLU  18 B
N+    1 B                                            0.00 XXX   0 X    0.00 XXX   0 X    0.02 ASP  21 B
N+    1 B                                            0.00 XXX   0 X    0.00 XXX   0 X   -0.01 LYS  63 B


2023-08-06 21:08:16,600 INFO:output.py:210:print_pka_section:pKa summary:
--------------------------------------------------------------------------------------------------------
SUMMARY OF THIS PREDICTION
       Group      pKa  model-pKa   ligand atom-type
   ASP 270 A     3.71       3.80                      
   ASP 283 A     3.96       3.80                      
   ASP 284 A     3.69       3.80                      
   ASP 292 A     4.07       3.80                      
   ASP 300 A     3.83       3.80                      
   ASP 303 A     2.78       3.80                      
   ASP 320 A     7.50       3.80                      
   ASP  21 B     3.16       3.80                      
   ASP  32 B     3.82       3.80                      
   ASP  39 B     3.87       3.80                      
   ASP  52 B     3.76       3.80                      
   ASP  58 B     2.68       3.80                      
   GLU 279 A     4.44       4.50                      
   GLU 285 A     6.51       4.50                      
   GLU 290 A     4.51       4.50                      
   GLU 308 A     4.53       4.50                      
   GLU 310 A     4.65       4.50                      
   GLU  16 B     4.53       4.50                      
   GLU  18 B     4.82       4.50                      
   GLU  24 B     4.70       4.50                      
   GLU  34 B     3.65       4.50                      
   GLU  51 B     4.59       4.50                      
   GLU  64 B     4.63       4.50                      
   C-  328 A     3.40       3.20                      
   C-   76 B     4.78       3.20                      
   HIS  68 B     4.03       6.50                      
   CYS 272 A    10.35       9.00                      
   CYS 301 A    10.69       9.00                      
   CYS  76 B    11.45       9.00                      
   TYR 271 A     9.43      10.00                      
   TYR 278 A    13.92      10.00                      
   TYR  59 B     9.96      10.00                      
   LYS 267 A    10.47      10.50                      
   LYS 269 A    10.38      10.50                      
   LYS 273 A    10.41      10.50                      
   LYS 289 A    10.25      10.50                      
   LYS 299 A    10.53      10.50                      
   LYS 324 A     9.66      10.50                      
   LYS   6 B    10.18      10.50                      
   LYS  11 B    11.42      10.50                      
   LYS  27 B    10.37      10.50                      
   LYS  29 B    10.29      10.50                      
   LYS  33 B    10.09      10.50                      
   LYS  48 B    10.40      10.50                      
   LYS  63 B    10.45      10.50                      
   ARG 314 A    12.46      12.50                      
   ARG 315 A    12.71      12.50                      
   ARG  42 B    12.63      12.50                      
   ARG  54 B    12.87      12.50                      
   ARG  72 B    12.41      12.50                      
   ARG  74 B    12.46      12.50                      
   N+  267 A     7.97       8.00                      
   N+    1 B     8.04       8.00                      

2023-08-06 21:08:16,611 INFO:main.py:636:non_trivial:PROPKA information:
--------------------------------------------------------------------------------------------------------
Free energy of   folding (kcal/mol) as a function of pH (using neutral reference)
  0.00     12.39
  1.00     12.37
  2.00     12.23
  3.00     11.48
  4.00     10.89
  5.00     12.19
  6.00     13.78
  7.00     15.06
  8.00     15.88
  9.00     16.82
 10.00     18.61
 11.00     20.69
 12.00     22.97
 13.00     24.85
 14.00     26.05

The pH of optimum stability is  3.8 for which the free energy is   10.9 kcal/mol at 298K
Could not determine pH values where the free energy is within 80 % of minimum
Could not determine the pH-range where the free energy is negative


Protein charge of folded and unfolded state as a function of pH
    pH  unfolded  folded
  0.00     22.00   21.99
  0.10     22.00   21.99
  0.20     21.99   21.99
  0.30     21.99   21.99
  0.40     21.99   21.98
  0.50     21.99   21.98
  0.60     21.99   21.97
  0.70     21.98   21.97
  0.80     21.98   21.96
  0.90     21.97   21.95
  1.00     21.96   21.93
  1.10     21.96   21.92
  1.20     21.94   21.90
  1.30     21.93   21.87
  1.40     21.91   21.84
  1.50     21.89   21.80
  1.60     21.86   21.75
  1.70     21.83   21.69
  1.80     21.78   21.61
  1.90     21.73   21.52
  2.00     21.66   21.41
  2.10     21.57   21.27
  2.20     21.47   21.11
  2.30     21.34   20.92
  2.40     21.18   20.69
  2.50     20.99   20.43
  2.60     20.75   20.13
  2.70     20.46   19.78
  2.80     20.12   19.39
  2.90     19.72   18.95
  3.00     19.25   18.45
  3.10     18.70   17.91
  3.20     18.07   17.30
  3.30     17.35   16.64
  3.40     16.55   15.91
  3.50     15.66   15.13
  3.60     14.70   14.30
  3.70     13.66   13.41
  3.80     12.57   12.49
  3.90     11.43   11.53
  4.00     10.27   10.55
  4.10      9.09    9.55
  4.20      7.92    8.55
  4.30      6.77    7.55
  4.40      5.65    6.58
  4.50      4.58    5.63
  4.60      3.57    4.72
  4.70      2.64    3.86
  4.80      1.79    3.05
  4.90      1.03    2.31
  5.00      0.35    1.64
  5.10     -0.24    1.04
  5.20     -0.74    0.51
  5.30     -1.18    0.06
  5.40     -1.54   -0.34
  5.50     -1.85   -0.68
  5.60     -2.12   -0.97
  5.70     -2.34   -1.22
  5.80     -2.53   -1.44
  5.90     -2.70   -1.63
  6.00     -2.85   -1.80
  6.10     -2.98   -1.96
  6.20     -3.11   -2.10
  6.30     -3.22   -2.23
  6.40     -3.33   -2.36
  6.50     -3.44   -2.49
  6.60     -3.54   -2.62
  6.70     -3.64   -2.75
  6.80     -3.74   -2.87
  6.90     -3.84   -3.00
  7.00     -3.94   -3.14
  7.10     -4.04   -3.28
  7.20     -4.14   -3.42
  7.30     -4.25   -3.58
  7.40     -4.36   -3.74
  7.50     -4.49   -3.91
  7.60     -4.63   -4.08
  7.70     -4.78   -4.27
  7.80     -4.94   -4.46
  7.90     -5.12   -4.65
  8.00     -5.31   -4.84
  8.10     -5.51   -5.04
  8.20     -5.73   -5.23
  8.30     -5.95   -5.42
  8.40     -6.20   -5.61
  8.50     -6.45   -5.80
  8.60     -6.72   -5.99
  8.70     -7.01   -6.19
  8.80     -7.31   -6.41
  8.90     -7.64   -6.64
  9.00     -7.99   -6.90
  9.10     -8.36   -7.18
  9.20     -8.75   -7.51
  9.30     -9.18   -7.87
  9.40     -9.63   -8.29
  9.50    -10.13   -8.76
  9.60    -10.66   -9.29
  9.70    -11.25   -9.87
  9.80    -11.89  -10.52
  9.90    -12.59  -11.23
 10.00    -13.35  -11.99
 10.10    -14.16  -12.80
 10.20    -15.02  -13.64
 10.30    -15.91  -14.51
 10.40    -16.83  -15.38
 10.50    -17.74  -16.24
 10.60    -18.64  -17.08
 10.70    -19.50  -17.88
 10.80    -20.32  -18.63
 10.90    -21.07  -19.34
 11.00    -21.76  -19.99
 11.10    -22.37  -20.59
 11.20    -22.93  -21.14
 11.30    -23.42  -21.64
 11.40    -23.86  -22.11
 11.50    -24.26  -22.55
 11.60    -24.63  -22.97
 11.70    -24.98  -23.37
 11.80    -25.33  -23.75
 11.90    -25.67  -24.13
 12.00    -26.01  -24.51
 12.10    -26.36  -24.90
 12.20    -26.73  -25.28
 12.30    -27.10  -25.68
 12.40    -27.48  -26.07
 12.50    -27.86  -26.47
 12.60    -28.23  -26.86
 12.70    -28.59  -27.25
 12.80    -28.93  -27.62
 12.90    -29.24  -27.97
 13.00    -29.51  -28.30
 13.10    -29.76  -28.60
 13.20    -29.97  -28.88
 13.30    -30.16  -29.13
 13.40    -30.31  -29.35
 13.50    -30.44  -29.55
 13.60    -30.55  -29.73
 13.70    -30.64  -29.90
 13.80    -30.71  -30.04
 13.90    -30.76  -30.18
 14.00    -30.81  -30.29
The pI is  5.31 (folded) and  5.06 (unfolded)

--------------------------------------------------------------------------------------------------------
2023-08-06 21:08:16,611 INFO:biomolecule.py:794:apply_pka_values:Applying pKa values at a pH of 7.00:
2023-08-06 21:08:16,611 INFO:main.py:649:non_trivial:Adding hydrogens to biomolecule.
2023-08-06 21:08:16,707 INFO:main.py:652:non_trivial:Debumping biomolecule (again).
2023-08-06 21:08:16,813 INFO:main.py:654:non_trivial:Optimizing hydrogen bonds
2023-08-06 21:08:16,979 INFO:main.py:666:non_trivial:Applying force field to biomolecule states.
2023-08-06 21:08:16,981 INFO:main.py:707:non_trivial:Applying custom naming scheme (amber).
2023-08-06 21:08:16,982 INFO:main.py:713:non_trivial:Regenerating headers.
2023-08-06 21:08:16,983 INFO:main.py:738:non_trivial:Regenerating PDB lines.
2023-08-06 21:08:16,990 WARNING:main.py:311:print_pqr:Ignoring 540 header lines in output.
