2023-08-06 20:00:41,981 INFO:main.py:240:print_splash_screen:PDB2PQR v3.6.1: biomolecular structure conversion software.
2023-08-06 20:00:41,982 INFO:main.py:242:print_splash_screen:Please cite:  Jurrus E, et al.  Improvements to the APBS biomolecular solvation software suite.  Protein Sci 27 112-128 (2018).
2023-08-06 20:00:41,982 INFO:main.py:242:print_splash_screen:Please cite:  Dolinsky TJ, et al.  PDB2PQR: expanding and upgrading automated preparation of biomolecular structures for molecular simulations. Nucleic Acids Res 35 W522-W525 (2007).
2023-08-06 20:00:41,982 INFO:main.py:759:main_driver:Checking and transforming input arguments.
2023-08-06 20:00:41,982 INFO:main.py:763:main_driver:Loading topology files.
2023-08-06 20:00:42,039 INFO:main.py:765:main_driver:Loading molecule: 1UBQ.pdb
2023-08-06 20:00:42,041 INFO:main.py:768:main_driver:Dropping water from structure.
2023-08-06 20:00:42,042 INFO:main.py:770:main_driver:Setting up molecule.
2023-08-06 20:00:42,044 INFO:main.py:408:setup_molecule:Created biomolecule object with 76 residues and 602 atoms.
2023-08-06 20:00:42,044 INFO:main.py:774:main_driver:Setting termini states for biomolecule chains.
2023-08-06 20:00:42,046 INFO:main.py:604:non_trivial:Loading forcefield.
2023-08-06 20:00:42,060 INFO:main.py:608:non_trivial:Loading hydrogen topology definitions.
2023-08-06 20:00:42,061 INFO:main.py:459:is_repairable:This biomolecule is clean.  No repair needed.
2023-08-06 20:00:42,061 INFO:main.py:623:non_trivial:Updating disulfide bridges.
2023-08-06 20:00:42,061 INFO:main.py:626:non_trivial:Debumping biomolecule.
2023-08-06 20:00:42,074 INFO:main.py:633:non_trivial:Assigning titration states with PROPKA.
2023-08-06 20:00:42,078 INFO:output.py:61:print_header:
propka3.5.0                                                                                  2023-08-06

-------------------------------------------------------------------------------
--                                                                           --
--  PROPKA: A PROTEIN PKA PREDICTOR                                          --
--                                                                           --
--  VERSION 1.0,  04/25/2004,  IOWA CITY                                     --
--  BY HUI LI                                                                --
--                                                                           --
--  VERSION 2.0,  11/05/2007, IOWA CITY/COPENHAGEN                           --
--  BY DELPHINE C. BAS AND DAVID M. ROGERS                                   --
--                                                                           --
--  VERSION 3.0,  01/06/2011, COPENHAGEN                                     --
--  BY MATS H.M. OLSSON AND CHRESTEN R. SONDERGARD                           --
--                                                                           --
--  VERSION 3.1,  07/01/2011, COPENHAGEN                                     --
--  BY CHRESTEN R. SONDERGARD AND MATS H.M. OLSSON                           --
--                                                                           --
--  VERSION 3.2,  06/17/2020, PLANET EARTH                                   --
--  SEE ABOVE FOR AUTHORS                                                    --
--                                                                           --
-------------------------------------------------------------------------------


-------------------------------------------------------------------------------
References:

Very Fast Empirical Prediction and Rationalization of Protein pKa Values.
Hui Li, Andrew D. Robertson and Jan H. Jensen. PROTEINS: Structure, Function,
and Bioinformatics. 61:704-721 (2005)

Very Fast Prediction and Rationalization of pKa Values for Protein-Ligand
Complexes.  Delphine C. Bas, David M. Rogers and Jan H. Jensen.  PROTEINS:
Structure, Function, and Bioinformatics 73:765-783 (2008)

PROPKA3: Consistent Treatment of Internal and Surface Residues in Empirical
pKa predictions.  Mats H.M. Olsson, Chresten R. Sondergard, Michal Rostkowski,
and Jan H. Jensen.  Journal of Chemical Theory and Computation, 7(2):525-537
(2011)

Improved Treatment of Ligands and Coupling Effects in Empirical Calculation
and Rationalization of pKa Values.  Chresten R. Sondergaard, Mats H.M. Olsson,
Michal Rostkowski, and Jan H. Jensen.  Journal of Chemical Theory and
Computation, (2011)
-------------------------------------------------------------------------------



2023-08-06 20:00:42,094 INFO:conformation_container.py:109:find_covalently_coupled_groups:Coupling map:

2023-08-06 20:00:42,094 INFO:conformation_container.py:195:calculate_pka:Calculating pKas for Conformation container 1A with 714 atoms and 191 groups
2023-08-06 20:00:42,111 INFO:output.py:208:print_pka_section:pKa determinants:

---------  -----   ------   ---------------------    --------------    --------------    --------------
                            DESOLVATION  EFFECTS       SIDECHAIN          BACKBONE        COULOMBIC
 RESIDUE    pKa    BURIED     REGULAR      RE        HYDROGEN BOND     HYDROGEN BOND      INTERACTION
---------  -----   ------   ---------   ---------    --------------    --------------    --------------

ASP  21 A   3.36     6 %    0.60  299   0.05    0   -0.08 ASN  25 A   -0.76 GLU  18 A   -0.05 N+    1 A
ASP  21 A                                            0.00 XXX   0 X    0.00 XXX   0 X   -0.21 LYS  29 A

ASP  32 A   3.92     0 %    0.15  161   0.00    0    0.00 XXX   0 X    0.00 XXX   0 X   -0.02 LYS  29 A
ASP  32 A                                            0.00 XXX   0 X    0.00 XXX   0 X   -0.01 LYS  33 A

ASP  39 A   3.67     0 %    0.30  191   0.00    0    0.00 XXX   0 X    0.00 XXX   0 X   -0.03 LYS  27 A
ASP  39 A                                            0.00 XXX   0 X    0.00 XXX   0 X   -0.15 ARG  72 A
ASP  39 A                                            0.00 XXX   0 X    0.00 XXX   0 X   -0.25 ARG  74 A

ASP  52 A   3.10    14 %    0.63  320   0.01    0   -0.81 LYS  27 A    0.00 XXX   0 X   -0.05 ARG  72 A
ASP  52 A                                            0.00 XXX   0 X    0.00 XXX   0 X   -0.47 LYS  27 A

ASP  58 A   2.99     0 %    0.40  218   0.00    0   -0.23 THR  55 A   -0.75 THR  55 A   -0.23 ARG  54 A

GLU  16 A   4.38     0 %    0.12  176   0.00    0    0.00 XXX   0 X    0.00 XXX   0 X   -0.14 N+    1 A
GLU  16 A                                            0.00 XXX   0 X    0.00 XXX   0 X   -0.07 LYS  29 A
GLU  16 A                                            0.00 XXX   0 X    0.00 XXX   0 X   -0.03 LYS  33 A

GLU  18 A   4.48     0 %    0.20  186   0.00    0    0.00 XXX   0 X    0.00 XXX   0 X   -0.33 N+    1 A
GLU  18 A                                            0.00 XXX   0 X    0.00 XXX   0 X   -0.03 LYS  29 A
GLU  18 A                                            0.00 XXX   0 X    0.00 XXX   0 X    0.03 GLU  16 A
GLU  18 A                                            0.00 XXX   0 X    0.00 XXX   0 X    0.12 ASP  21 A

GLU  24 A   4.78     0 %    0.15  210   0.00    0    0.00 XXX   0 X    0.00 XXX   0 X   -0.02 LYS  27 A
GLU  24 A                                            0.00 XXX   0 X    0.00 XXX   0 X    0.15 ASP  52 A

GLU  34 A   3.99     0 %    0.42  258   0.00    0   -0.43 LYS  11 A    0.00 XXX   0 X   -0.13 LYS  33 A
GLU  34 A                                            0.00 XXX   0 X    0.00 XXX   0 X   -0.38 LYS  11 A

GLU  51 A   4.56     0 %    0.14  194   0.00    0    0.00 XXX   0 X    0.00 XXX   0 X   -0.02 LYS  27 A
GLU  51 A                                            0.00 XXX   0 X    0.00 XXX   0 X   -0.12 ARG  54 A
GLU  51 A                                            0.00 XXX   0 X    0.00 XXX   0 X    0.06 ASP  52 A

GLU  64 A   4.48     0 %    0.26  162   0.00    0    0.00 XXX   0 X    0.00 XXX   0 X   -0.03 N+    1 A
GLU  64 A                                            0.00 XXX   0 X    0.00 XXX   0 X   -0.25 LYS  63 A

C-   76 A   3.16     0 %    0.05   41   0.00    0    0.00 XXX   0 X   -0.09 GLY  76 A    0.00 XXX   0 X

HIS  68 A   6.00     0 %   -0.32  275   0.00    0    0.00 XXX   0 X    0.00 XXX   0 X   -0.18 LYS   6 A

TYR  59 A   9.99     0 %    0.61  278   0.00    0    0.00 XXX   0 X   -0.75 GLU  51 A    0.18 GLU  51 A
TYR  59 A                                            0.00 XXX   0 X    0.00 XXX   0 X    0.02 ASP  52 A
TYR  59 A                                            0.00 XXX   0 X    0.00 XXX   0 X   -0.09 ARG  54 A
TYR  59 A                                            0.00 XXX   0 X    0.00 XXX   0 X    0.09 ASP  58 A
TYR  59 A                                            0.00 XXX   0 X    0.00 XXX   0 X   -0.02 LYS  27 A
TYR  59 A                                            0.00 XXX   0 X    0.00 XXX   0 X   -0.04 LYS  48 A

LYS   6 A  10.37     0 %   -0.13  175   0.00    0    0.00 XXX   0 X    0.00 XXX   0 X    0.00 XXX   0 X

LYS  11 A  11.02     0 %   -0.29  212   0.00    0    0.43 GLU  34 A    0.00 XXX   0 X    0.38 GLU  34 A

LYS  27 A  10.53    33 %   -1.15  374   0.00    0    0.81 ASP  52 A    0.00 XXX   0 X    0.02 GLU  24 A
LYS  27 A                                            0.00 XXX   0 X    0.00 XXX   0 X    0.03 ASP  39 A
LYS  27 A                                            0.00 XXX   0 X    0.00 XXX   0 X    0.02 GLU  51 A
LYS  27 A                                            0.00 XXX   0 X    0.00 XXX   0 X   -0.18 ARG  72 A
LYS  27 A                                            0.00 XXX   0 X    0.00 XXX   0 X    0.02 TYR  59 A
LYS  27 A                                            0.00 XXX   0 X    0.00 XXX   0 X    0.47 ASP  52 A

LYS  29 A  10.40     3 %   -0.43  290   0.00    0    0.00 XXX   0 X    0.00 XXX   0 X    0.07 GLU  16 A
LYS  29 A                                            0.00 XXX   0 X    0.00 XXX   0 X    0.03 GLU  18 A
LYS  29 A                                            0.00 XXX   0 X    0.00 XXX   0 X    0.21 ASP  21 A
LYS  29 A                                            0.00 XXX   0 X    0.00 XXX   0 X    0.02 ASP  32 A

LYS  33 A  10.27     0 %   -0.27  236   0.00    0    0.00 XXX   0 X    0.00 XXX   0 X    0.03 GLU  16 A
LYS  33 A                                            0.00 XXX   0 X    0.00 XXX   0 X    0.01 ASP  32 A
LYS  33 A                                            0.00 XXX   0 X    0.00 XXX   0 X    0.13 GLU  34 A
LYS  33 A                                            0.00 XXX   0 X    0.00 XXX   0 X   -0.10 LYS  11 A
LYS  33 A                                            0.00 XXX   0 X    0.00 XXX   0 X   -0.03 LYS  29 A

LYS  48 A  10.31     0 %   -0.23  183   0.00    0    0.00 XXX   0 X    0.00 XXX   0 X    0.04 TYR  59 A

LYS  63 A  10.66     0 %   -0.09  130   0.00    0    0.00 XXX   0 X    0.00 XXX   0 X    0.25 GLU  64 A

ARG  42 A  12.14     0 %   -0.29  228   0.00    0    0.00 XXX   0 X    0.00 XXX   0 X   -0.07 ARG  72 A

ARG  54 A  12.76     0 %   -0.19  164   0.00    0    0.00 XXX   0 X    0.00 XXX   0 X    0.12 GLU  51 A
ARG  54 A                                            0.00 XXX   0 X    0.00 XXX   0 X    0.23 ASP  58 A
ARG  54 A                                            0.00 XXX   0 X    0.00 XXX   0 X    0.09 TYR  59 A

ARG  72 A  12.39     0 %   -0.31  250   0.00    0    0.00 XXX   0 X    0.00 XXX   0 X    0.15 ASP  39 A
ARG  72 A                                            0.00 XXX   0 X    0.00 XXX   0 X    0.05 ASP  52 A

ARG  74 A  12.68     0 %   -0.08   97   0.00    0    0.00 XXX   0 X    0.00 XXX   0 X    0.25 ASP  39 A

N+    1 A   8.07     0 %   -0.42  230   0.00    0    0.00 XXX   0 X    0.00 XXX   0 X    0.14 GLU  16 A
N+    1 A                                            0.00 XXX   0 X    0.00 XXX   0 X    0.33 GLU  18 A
N+    1 A                                            0.00 XXX   0 X    0.00 XXX   0 X    0.05 ASP  21 A
N+    1 A                                            0.00 XXX   0 X    0.00 XXX   0 X   -0.04 LYS  29 A
N+    1 A                                            0.00 XXX   0 X    0.00 XXX   0 X   -0.00 LYS  63 A
N+    1 A                                            0.00 XXX   0 X    0.00 XXX   0 X    0.03 GLU  64 A


2023-08-06 20:00:42,111 INFO:output.py:210:print_pka_section:pKa summary:
--------------------------------------------------------------------------------------------------------
SUMMARY OF THIS PREDICTION
       Group      pKa  model-pKa   ligand atom-type
   ASP  21 A     3.36       3.80                      
   ASP  32 A     3.92       3.80                      
   ASP  39 A     3.67       3.80                      
   ASP  52 A     3.10       3.80                      
   ASP  58 A     2.99       3.80                      
   GLU  16 A     4.38       4.50                      
   GLU  18 A     4.48       4.50                      
   GLU  24 A     4.78       4.50                      
   GLU  34 A     3.99       4.50                      
   GLU  51 A     4.56       4.50                      
   GLU  64 A     4.48       4.50                      
   C-   76 A     3.16       3.20                      
   HIS  68 A     6.00       6.50                      
   TYR  59 A     9.99      10.00                      
   LYS   6 A    10.37      10.50                      
   LYS  11 A    11.02      10.50                      
   LYS  27 A    10.53      10.50                      
   LYS  29 A    10.40      10.50                      
   LYS  33 A    10.27      10.50                      
   LYS  48 A    10.31      10.50                      
   LYS  63 A    10.66      10.50                      
   ARG  42 A    12.14      12.50                      
   ARG  54 A    12.76      12.50                      
   ARG  72 A    12.39      12.50                      
   ARG  74 A    12.68      12.50                      
   N+    1 A     8.07       8.00                      

2023-08-06 20:00:42,117 INFO:main.py:636:non_trivial:PROPKA information:
--------------------------------------------------------------------------------------------------------
Free energy of   folding (kcal/mol) as a function of pH (using neutral reference)
  0.00      4.87
  1.00      4.86
  2.00      4.76
  3.00      4.09
  4.00      2.55
  5.00      1.77
  6.00      1.47
  7.00      1.14
  8.00      1.08
  9.00      1.10
 10.00      1.03
 11.00      1.02
 12.00      1.07
 13.00      1.08
 14.00      1.12

The pH of optimum stability is 10.5 for which the free energy is    1.0 kcal/mol at 298K
Could not determine pH values where the free energy is within 80 % of minimum
Could not determine the pH-range where the free energy is negative


Protein charge of folded and unfolded state as a function of pH
    pH  unfolded  folded
  0.00     13.00   13.00
  0.10     13.00   13.00
  0.20     13.00   12.99
  0.30     13.00   12.99
  0.40     13.00   12.99
  0.50     12.99   12.99
  0.60     12.99   12.99
  0.70     12.99   12.98
  0.80     12.99   12.98
  0.90     12.99   12.97
  1.00     12.98   12.96
  1.10     12.98   12.96
  1.20     12.97   12.94
  1.30     12.97   12.93
  1.40     12.96   12.91
  1.50     12.95   12.89
  1.60     12.94   12.86
  1.70     12.92   12.83
  1.80     12.90   12.79
  1.90     12.88   12.73
  2.00     12.84   12.67
  2.10     12.80   12.59
  2.20     12.76   12.49
  2.30     12.70   12.38
  2.40     12.62   12.24
  2.50     12.54   12.07
  2.60     12.43   11.88
  2.70     12.30   11.66
  2.80     12.14   11.41
  2.90     11.96   11.13
  3.00     11.74   10.81
  3.10     11.50   10.47
  3.20     11.21   10.11
  3.30     10.88    9.72
  3.40     10.52    9.31
  3.50     10.12    8.89
  3.60      9.68    8.46
  3.70      9.20    8.01
  3.80      8.70    7.55
  3.90      8.17    7.09
  4.00      7.63    6.62
  4.10      7.07    6.15
  4.20      6.51    5.68
  4.30      5.95    5.22
  4.40      5.40    4.76
  4.50      4.87    4.32
  4.60      4.37    3.90
  4.70      3.89    3.50
  4.80      3.46    3.13
  4.90      3.07    2.79
  5.00      2.72    2.48
  5.10      2.42    2.20
  5.20      2.15    1.95
  5.30      1.92    1.73
  5.40      1.72    1.53
  5.50      1.55    1.35
  5.60      1.41    1.20
  5.70      1.28    1.05
  5.80      1.17    0.92
  5.90      1.06    0.80
  6.00      0.97    0.69
  6.10      0.88    0.59
  6.20      0.79    0.50
  6.30      0.70    0.42
  6.40      0.62    0.34
  6.50      0.54    0.28
  6.60      0.46    0.22
  6.70      0.38    0.16
  6.80      0.31    0.12
  6.90      0.24    0.07
  7.00      0.17    0.03
  7.10      0.10   -0.01
  7.20      0.04   -0.05
  7.30     -0.02   -0.09
  7.40     -0.09   -0.14
  7.50     -0.15   -0.18
  7.60     -0.22   -0.24
  7.70     -0.29   -0.29
  7.80     -0.36   -0.35
  7.90     -0.43   -0.41
  8.00     -0.50   -0.48
  8.10     -0.57   -0.55
  8.20     -0.64   -0.62
  8.30     -0.71   -0.69
  8.40     -0.78   -0.76
  8.50     -0.85   -0.83
  8.60     -0.92   -0.90
  8.70     -0.98   -0.98
  8.80     -1.05   -1.05
  8.90     -1.13   -1.14
  9.00     -1.21   -1.22
  9.10     -1.31   -1.32
  9.20     -1.41   -1.44
  9.30     -1.53   -1.57
  9.40     -1.68   -1.72
  9.50     -1.85   -1.90
  9.60     -2.05   -2.11
  9.70     -2.28   -2.35
  9.80     -2.54   -2.62
  9.90     -2.85   -2.93
 10.00     -3.18   -3.27
 10.10     -3.56   -3.64
 10.20     -3.96   -4.03
 10.30     -4.39   -4.45
 10.40     -4.84   -4.87
 10.50     -5.30   -5.30
 10.60     -5.75   -5.73
 10.70     -6.19   -6.14
 10.80     -6.60   -6.54
 10.90     -6.99   -6.91
 11.00     -7.35   -7.26
 11.10     -7.67   -7.58
 11.20     -7.97   -7.88
 11.30     -8.23   -8.16
 11.40     -8.47   -8.41
 11.50     -8.70   -8.65
 11.60     -8.91   -8.88
 11.70     -9.11   -9.11
 11.80     -9.32   -9.32
 11.90     -9.52   -9.54
 12.00     -9.74   -9.77
 12.10     -9.96   -9.99
 12.20    -10.19  -10.22
 12.30    -10.43  -10.46
 12.40    -10.68  -10.69
 12.50    -10.93  -10.93
 12.60    -11.17  -11.16
 12.70    -11.41  -11.38
 12.80    -11.63  -11.59
 12.90    -11.83  -11.79
 13.00    -12.02  -11.97
 13.10    -12.18  -12.13
 13.20    -12.32  -12.27
 13.30    -12.44  -12.40
 13.40    -12.54  -12.50
 13.50    -12.63  -12.59
 13.60    -12.70  -12.67
 13.70    -12.76  -12.73
 13.80    -12.81  -12.78
 13.90    -12.84  -12.83
 14.00    -12.88  -12.86
The pI is  7.07 (folded) and  7.26 (unfolded)

--------------------------------------------------------------------------------------------------------
2023-08-06 20:00:42,117 INFO:biomolecule.py:794:apply_pka_values:Applying pKa values at a pH of 7.00:
2023-08-06 20:00:42,118 INFO:main.py:649:non_trivial:Adding hydrogens to biomolecule.
2023-08-06 20:00:42,177 INFO:main.py:652:non_trivial:Debumping biomolecule (again).
2023-08-06 20:00:42,236 INFO:main.py:654:non_trivial:Optimizing hydrogen bonds
2023-08-06 20:00:42,348 INFO:main.py:666:non_trivial:Applying force field to biomolecule states.
2023-08-06 20:00:42,349 INFO:main.py:707:non_trivial:Applying custom naming scheme (amber).
2023-08-06 20:00:42,349 INFO:main.py:713:non_trivial:Regenerating headers.
2023-08-06 20:00:42,349 INFO:main.py:738:non_trivial:Regenerating PDB lines.
2023-08-06 20:00:42,354 WARNING:main.py:311:print_pqr:Ignoring 539 header lines in output.
